2023/12/23 08:20:35 [warn] 1#1: the "listen ... http2" directive is deprecated, use the "http2" directive instead in /etc/nginx/conf.d/default.conf:2
2023/12/23 08:20:35 [notice] 1#1: using the "epoll" event method
2023/12/23 08:20:35 [notice] 1#1: nginx/1.25.3
2023/12/23 08:20:35 [notice] 1#1: built by gcc 12.2.1 20220924 (Alpine 12.2.1_git20220924-r10) 
2023/12/23 08:20:35 [notice] 1#1: OS: Linux 6.3.13-linuxkit
2023/12/23 08:20:35 [notice] 1#1: getrlimit(RLIMIT_NOFILE): 1048576:1048576
2023/12/23 08:20:35 [notice] 1#1: start worker processes
2023/12/23 08:20:35 [notice] 1#1: start worker process 7
2023/12/23 08:20:35 [notice] 1#1: start worker process 8
2023/12/23 08:20:35 [notice] 1#1: start worker process 9
2023/12/23 08:20:35 [notice] 1#1: start worker process 10
2023/12/23 08:20:35 [notice] 1#1: start worker process 11
2023/12/23 08:20:35 [notice] 1#1: start worker process 12
2023/12/23 08:20:35 [notice] 1#1: start worker process 13
2023/12/23 08:20:35 [notice] 1#1: start worker process 14
2023/12/23 08:20:35 [notice] 1#1: start worker process 15
2023/12/23 08:20:35 [notice] 1#1: start worker process 16
2023/12/23 09:12:13 [notice] 1#1: signal 3 (SIGQUIT) received, shutting down
2023/12/23 09:12:13 [notice] 7#7: gracefully shutting down
2023/12/23 09:12:13 [notice] 8#8: gracefully shutting down
2023/12/23 09:12:13 [notice] 9#9: gracefully shutting down
2023/12/23 09:12:13 [notice] 10#10: gracefully shutting down
2023/12/23 09:12:13 [notice] 11#11: gracefully shutting down
2023/12/23 09:12:13 [notice] 13#13: gracefully shutting down
2023/12/23 09:12:13 [notice] 12#12: gracefully shutting down
2023/12/23 09:12:13 [notice] 14#14: gracefully shutting down
2023/12/23 09:12:13 [notice] 15#15: gracefully shutting down
2023/12/23 09:12:13 [notice] 16#16: gracefully shutting down
2023/12/23 09:12:13 [notice] 7#7: exiting
2023/12/23 09:12:13 [notice] 8#8: exiting
2023/12/23 09:12:13 [notice] 9#9: exiting
2023/12/23 09:12:13 [notice] 10#10: exiting
2023/12/23 09:12:13 [notice] 11#11: exiting
2023/12/23 09:12:13 [notice] 13#13: exiting
2023/12/23 09:12:13 [notice] 11#11: exit
2023/12/23 09:12:13 [notice] 12#12: exiting
2023/12/23 09:12:13 [notice] 12#12: exit
2023/12/23 09:12:13 [notice] 14#14: exiting
2023/12/23 09:12:13 [notice] 15#15: exiting
2023/12/23 09:12:13 [notice] 16#16: exiting
2023/12/23 09:12:13 [notice] 7#7: exit
2023/12/23 09:12:13 [notice] 8#8: exit
2023/12/23 09:12:13 [notice] 9#9: exit
2023/12/23 09:12:13 [notice] 10#10: exit
2023/12/23 09:12:13 [notice] 13#13: exit
2023/12/23 09:12:13 [notice] 14#14: exit
2023/12/23 09:12:13 [notice] 15#15: exit
2023/12/23 09:12:13 [notice] 16#16: exit
2023/12/23 09:12:13 [notice] 1#1: signal 17 (SIGCHLD) received from 11
2023/12/23 09:12:13 [notice] 1#1: worker process 11 exited with code 0
2023/12/23 09:12:13 [notice] 1#1: signal 29 (SIGIO) received
2023/12/23 09:12:13 [notice] 1#1: signal 17 (SIGCHLD) received from 12
2023/12/23 09:12:13 [notice] 1#1: worker process 12 exited with code 0
2023/12/23 09:12:13 [notice] 1#1: worker process 13 exited with code 0
2023/12/23 09:12:13 [notice] 1#1: signal 29 (SIGIO) received
2023/12/23 09:12:13 [notice] 1#1: signal 17 (SIGCHLD) received from 8
2023/12/23 09:12:13 [notice] 1#1: worker process 8 exited with code 0
2023/12/23 09:12:13 [notice] 1#1: signal 29 (SIGIO) received
2023/12/23 09:12:13 [notice] 1#1: signal 17 (SIGCHLD) received from 10
2023/12/23 09:12:13 [notice] 1#1: worker process 7 exited with code 0
2023/12/23 09:12:13 [notice] 1#1: worker process 9 exited with code 0
2023/12/23 09:12:13 [notice] 1#1: worker process 10 exited with code 0
2023/12/23 09:12:13 [notice] 1#1: worker process 14 exited with code 0
2023/12/23 09:12:13 [notice] 1#1: worker process 15 exited with code 0
2023/12/23 09:12:13 [notice] 1#1: worker process 16 exited with code 0
2023/12/23 09:12:13 [notice] 1#1: exit
2023/12/23 09:12:15 [warn] 1#1: the "listen ... http2" directive is deprecated, use the "http2" directive instead in /etc/nginx/conf.d/default.conf:2
2023/12/23 09:12:15 [notice] 1#1: using the "epoll" event method
2023/12/23 09:12:15 [notice] 1#1: nginx/1.25.3
2023/12/23 09:12:15 [notice] 1#1: built by gcc 12.2.1 20220924 (Alpine 12.2.1_git20220924-r10) 
2023/12/23 09:12:15 [notice] 1#1: OS: Linux 6.3.13-linuxkit
2023/12/23 09:12:15 [notice] 1#1: getrlimit(RLIMIT_NOFILE): 1048576:1048576
2023/12/23 09:12:15 [notice] 1#1: start worker processes
2023/12/23 09:12:15 [notice] 1#1: start worker process 7
2023/12/23 09:12:15 [notice] 1#1: start worker process 8
2023/12/23 09:12:15 [notice] 1#1: start worker process 9
2023/12/23 09:12:15 [notice] 1#1: start worker process 10
2023/12/23 09:12:15 [notice] 1#1: start worker process 11
2023/12/23 09:12:15 [notice] 1#1: start worker process 12
2023/12/23 09:12:15 [notice] 1#1: start worker process 13
2023/12/23 09:12:15 [notice] 1#1: start worker process 14
2023/12/23 09:12:15 [notice] 1#1: start worker process 15
2023/12/23 09:12:15 [notice] 1#1: start worker process 16
2023/12/23 09:13:16 [notice] 1#1: signal 3 (SIGQUIT) received, shutting down
2023/12/23 09:13:16 [notice] 7#7: gracefully shutting down
2023/12/23 09:13:16 [notice] 8#8: gracefully shutting down
2023/12/23 09:13:16 [notice] 12#12: gracefully shutting down
2023/12/23 09:13:16 [notice] 11#11: gracefully shutting down
2023/12/23 09:13:16 [notice] 10#10: gracefully shutting down
2023/12/23 09:13:16 [notice] 10#10: exiting
2023/12/23 09:13:16 [notice] 15#15: gracefully shutting down
2023/12/23 09:13:16 [notice] 9#9: gracefully shutting down
2023/12/23 09:13:16 [notice] 13#13: gracefully shutting down
2023/12/23 09:13:16 [notice] 14#14: gracefully shutting down
2023/12/23 09:13:16 [notice] 16#16: gracefully shutting down
2023/12/23 09:13:16 [notice] 7#7: exiting
2023/12/23 09:13:16 [notice] 8#8: exiting
2023/12/23 09:13:16 [notice] 12#12: exiting
2023/12/23 09:13:16 [notice] 11#11: exiting
2023/12/23 09:13:16 [notice] 10#10: exit
2023/12/23 09:13:16 [notice] 15#15: exiting
2023/12/23 09:13:16 [notice] 13#13: exiting
2023/12/23 09:13:16 [notice] 9#9: exiting
2023/12/23 09:13:16 [notice] 14#14: exiting
2023/12/23 09:13:16 [notice] 16#16: exiting
2023/12/23 09:13:16 [notice] 14#14: exit
2023/12/23 09:13:16 [notice] 7#7: exit
2023/12/23 09:13:16 [notice] 8#8: exit
2023/12/23 09:13:16 [notice] 12#12: exit
2023/12/23 09:13:16 [notice] 11#11: exit
2023/12/23 09:13:16 [notice] 15#15: exit
2023/12/23 09:13:16 [notice] 13#13: exit
2023/12/23 09:13:16 [notice] 9#9: exit
2023/12/23 09:13:16 [notice] 16#16: exit
2023/12/23 09:13:16 [notice] 1#1: signal 17 (SIGCHLD) received from 10
2023/12/23 09:13:16 [notice] 1#1: worker process 10 exited with code 0
2023/12/23 09:13:16 [notice] 1#1: worker process 14 exited with code 0
2023/12/23 09:13:16 [notice] 1#1: signal 29 (SIGIO) received
2023/12/23 09:13:16 [notice] 1#1: signal 17 (SIGCHLD) received from 12
2023/12/23 09:13:16 [notice] 1#1: worker process 7 exited with code 0
2023/12/23 09:13:16 [notice] 1#1: worker process 9 exited with code 0
2023/12/23 09:13:16 [notice] 1#1: worker process 8 exited with code 0
2023/12/23 09:13:16 [notice] 1#1: worker process 11 exited with code 0
2023/12/23 09:13:16 [notice] 1#1: worker process 12 exited with code 0
2023/12/23 09:13:16 [notice] 1#1: worker process 13 exited with code 0
2023/12/23 09:13:16 [notice] 1#1: worker process 15 exited with code 0
2023/12/23 09:13:16 [notice] 1#1: worker process 16 exited with code 0
2023/12/23 09:13:16 [notice] 1#1: exit
2023/12/23 09:13:18 [warn] 1#1: the "listen ... http2" directive is deprecated, use the "http2" directive instead in /etc/nginx/conf.d/default.conf:2
2023/12/23 09:13:18 [notice] 1#1: using the "epoll" event method
2023/12/23 09:13:18 [notice] 1#1: nginx/1.25.3
2023/12/23 09:13:18 [notice] 1#1: built by gcc 12.2.1 20220924 (Alpine 12.2.1_git20220924-r10) 
2023/12/23 09:13:18 [notice] 1#1: OS: Linux 6.3.13-linuxkit
2023/12/23 09:13:18 [notice] 1#1: getrlimit(RLIMIT_NOFILE): 1048576:1048576
2023/12/23 09:13:18 [notice] 1#1: start worker processes
2023/12/23 09:13:18 [notice] 1#1: start worker process 7
2023/12/23 09:13:18 [notice] 1#1: start worker process 8
2023/12/23 09:13:18 [notice] 1#1: start worker process 9
2023/12/23 09:13:18 [notice] 1#1: start worker process 10
2023/12/23 09:13:18 [notice] 1#1: start worker process 11
2023/12/23 09:13:18 [notice] 1#1: start worker process 12
2023/12/23 09:13:18 [notice] 1#1: start worker process 13
2023/12/23 09:13:18 [notice] 1#1: start worker process 14
2023/12/23 09:13:18 [notice] 1#1: start worker process 15
2023/12/23 09:13:18 [notice] 1#1: start worker process 16
2023/12/23 09:13:51 [notice] 1#1: signal 3 (SIGQUIT) received, shutting down
2023/12/23 09:13:51 [notice] 7#7: gracefully shutting down
2023/12/23 09:13:51 [notice] 9#9: gracefully shutting down
2023/12/23 09:13:51 [notice] 11#11: gracefully shutting down
2023/12/23 09:13:51 [notice] 12#12: gracefully shutting down
2023/12/23 09:13:51 [notice] 15#15: gracefully shutting down
2023/12/23 09:13:51 [notice] 11#11: exiting
2023/12/23 09:13:51 [notice] 14#14: gracefully shutting down
2023/12/23 09:13:51 [notice] 8#8: gracefully shutting down
2023/12/23 09:13:51 [notice] 16#16: gracefully shutting down
2023/12/23 09:13:51 [notice] 10#10: gracefully shutting down
2023/12/23 09:13:51 [notice] 13#13: gracefully shutting down
2023/12/23 09:13:51 [notice] 7#7: exiting
2023/12/23 09:13:51 [notice] 12#12: exiting
2023/12/23 09:13:51 [notice] 7#7: exit
2023/12/23 09:13:51 [notice] 9#9: exiting
2023/12/23 09:13:51 [notice] 15#15: exiting
2023/12/23 09:13:51 [notice] 11#11: exit
2023/12/23 09:13:51 [notice] 14#14: exiting
2023/12/23 09:13:51 [notice] 8#8: exiting
2023/12/23 09:13:51 [notice] 14#14: exit
2023/12/23 09:13:51 [notice] 16#16: exiting
2023/12/23 09:13:51 [notice] 10#10: exiting
2023/12/23 09:13:51 [notice] 10#10: exit
2023/12/23 09:13:51 [notice] 13#13: exiting
2023/12/23 09:13:51 [notice] 12#12: exit
2023/12/23 09:13:51 [notice] 9#9: exit
2023/12/23 09:13:51 [notice] 15#15: exit
2023/12/23 09:13:51 [notice] 8#8: exit
2023/12/23 09:13:51 [notice] 16#16: exit
2023/12/23 09:13:51 [notice] 13#13: exit
2023/12/23 09:13:51 [notice] 1#1: signal 17 (SIGCHLD) received from 7
2023/12/23 09:13:51 [notice] 1#1: worker process 7 exited with code 0
2023/12/23 09:13:51 [notice] 1#1: signal 29 (SIGIO) received
2023/12/23 09:13:51 [notice] 1#1: signal 17 (SIGCHLD) received from 11
2023/12/23 09:13:51 [notice] 1#1: worker process 11 exited with code 0
2023/12/23 09:13:51 [notice] 1#1: signal 29 (SIGIO) received
2023/12/23 09:13:51 [notice] 1#1: signal 17 (SIGCHLD) received from 9
2023/12/23 09:13:51 [notice] 1#1: worker process 9 exited with code 0
2023/12/23 09:13:51 [notice] 1#1: worker process 12 exited with code 0
2023/12/23 09:13:51 [notice] 1#1: worker process 14 exited with code 0
2023/12/23 09:13:51 [notice] 1#1: signal 29 (SIGIO) received
2023/12/23 09:13:51 [notice] 1#1: signal 17 (SIGCHLD) received from 8
2023/12/23 09:13:51 [notice] 1#1: worker process 8 exited with code 0
2023/12/23 09:13:51 [notice] 1#1: worker process 10 exited with code 0
2023/12/23 09:13:51 [notice] 1#1: signal 29 (SIGIO) received
2023/12/23 09:13:51 [notice] 1#1: signal 17 (SIGCHLD) received from 13
2023/12/23 09:13:51 [notice] 1#1: worker process 13 exited with code 0
2023/12/23 09:13:51 [notice] 1#1: worker process 15 exited with code 0
2023/12/23 09:13:51 [notice] 1#1: worker process 16 exited with code 0
2023/12/23 09:13:51 [notice] 1#1: exit
2023/12/23 09:13:56 [warn] 1#1: the "listen ... http2" directive is deprecated, use the "http2" directive instead in /etc/nginx/conf.d/default.conf:2
2023/12/23 09:13:56 [notice] 1#1: using the "epoll" event method
2023/12/23 09:13:56 [notice] 1#1: nginx/1.25.3
2023/12/23 09:13:56 [notice] 1#1: built by gcc 12.2.1 20220924 (Alpine 12.2.1_git20220924-r10) 
2023/12/23 09:13:56 [notice] 1#1: OS: Linux 6.3.13-linuxkit
2023/12/23 09:13:56 [notice] 1#1: getrlimit(RLIMIT_NOFILE): 1048576:1048576
2023/12/23 09:13:56 [notice] 1#1: start worker processes
2023/12/23 09:13:56 [notice] 1#1: start worker process 7
2023/12/23 09:13:56 [notice] 1#1: start worker process 8
2023/12/23 09:13:56 [notice] 1#1: start worker process 9
2023/12/23 09:13:56 [notice] 1#1: start worker process 10
2023/12/23 09:13:56 [notice] 1#1: start worker process 11
2023/12/23 09:13:56 [notice] 1#1: start worker process 12
2023/12/23 09:13:56 [notice] 1#1: start worker process 13
2023/12/23 09:13:56 [notice] 1#1: start worker process 14
2023/12/23 09:13:56 [notice] 1#1: start worker process 15
2023/12/23 09:13:56 [notice] 1#1: start worker process 16
2023/12/23 09:14:46 [notice] 1#1: signal 3 (SIGQUIT) received, shutting down
2023/12/23 09:14:46 [notice] 11#11: gracefully shutting down
2023/12/23 09:14:46 [notice] 9#9: gracefully shutting down
2023/12/23 09:14:46 [notice] 10#10: gracefully shutting down
2023/12/23 09:14:46 [notice] 15#15: gracefully shutting down
2023/12/23 09:14:46 [notice] 15#15: exiting
2023/12/23 09:14:46 [notice] 13#13: gracefully shutting down
2023/12/23 09:14:46 [notice] 13#13: exiting
2023/12/23 09:14:46 [notice] 7#7: gracefully shutting down
2023/12/23 09:14:46 [notice] 13#13: exit
2023/12/23 09:14:46 [notice] 12#12: gracefully shutting down
2023/12/23 09:14:46 [notice] 8#8: gracefully shutting down
2023/12/23 09:14:46 [notice] 14#14: gracefully shutting down
2023/12/23 09:14:46 [notice] 16#16: gracefully shutting down
2023/12/23 09:14:46 [notice] 10#10: exiting
2023/12/23 09:14:46 [notice] 15#15: exit
2023/12/23 09:14:46 [notice] 9#9: exiting
2023/12/23 09:14:46 [notice] 11#11: exiting
2023/12/23 09:14:46 [notice] 7#7: exiting
2023/12/23 09:14:46 [notice] 12#12: exiting
2023/12/23 09:14:46 [notice] 8#8: exiting
2023/12/23 09:14:46 [notice] 14#14: exiting
2023/12/23 09:14:46 [notice] 16#16: exiting
2023/12/23 09:14:46 [notice] 10#10: exit
2023/12/23 09:14:46 [notice] 9#9: exit
2023/12/23 09:14:46 [notice] 11#11: exit
2023/12/23 09:14:46 [notice] 7#7: exit
2023/12/23 09:14:46 [notice] 12#12: exit
2023/12/23 09:14:46 [notice] 8#8: exit
2023/12/23 09:14:46 [notice] 14#14: exit
2023/12/23 09:14:46 [notice] 16#16: exit
2023/12/23 09:14:46 [notice] 1#1: signal 17 (SIGCHLD) received from 13
2023/12/23 09:14:46 [notice] 1#1: worker process 13 exited with code 0
2023/12/23 09:14:46 [notice] 1#1: signal 29 (SIGIO) received
2023/12/23 09:14:46 [notice] 1#1: signal 17 (SIGCHLD) received from 15
2023/12/23 09:14:46 [notice] 1#1: worker process 7 exited with code 0
2023/12/23 09:14:46 [notice] 1#1: worker process 8 exited with code 0
2023/12/23 09:14:46 [notice] 1#1: worker process 9 exited with code 0
2023/12/23 09:14:46 [notice] 1#1: worker process 12 exited with code 0
2023/12/23 09:14:46 [notice] 1#1: worker process 15 exited with code 0
2023/12/23 09:14:46 [notice] 1#1: signal 29 (SIGIO) received
2023/12/23 09:14:46 [notice] 1#1: signal 17 (SIGCHLD) received from 9
2023/12/23 09:14:46 [notice] 1#1: signal 17 (SIGCHLD) received from 16
2023/12/23 09:14:46 [notice] 1#1: worker process 10 exited with code 0
2023/12/23 09:14:46 [notice] 1#1: worker process 16 exited with code 0
2023/12/23 09:14:46 [notice] 1#1: signal 29 (SIGIO) received
2023/12/23 09:14:46 [notice] 1#1: signal 17 (SIGCHLD) received from 10
2023/12/23 09:14:46 [notice] 1#1: signal 17 (SIGCHLD) received from 14
2023/12/23 09:14:46 [notice] 1#1: worker process 11 exited with code 0
2023/12/23 09:14:46 [notice] 1#1: worker process 14 exited with code 0
2023/12/23 09:14:46 [notice] 1#1: exit
2023/12/23 09:16:21 [warn] 1#1: the "listen ... http2" directive is deprecated, use the "http2" directive instead in /etc/nginx/conf.d/default.conf:2
2023/12/23 09:16:21 [notice] 1#1: using the "epoll" event method
2023/12/23 09:16:21 [notice] 1#1: nginx/1.25.3
2023/12/23 09:16:21 [notice] 1#1: built by gcc 12.2.1 20220924 (Alpine 12.2.1_git20220924-r10) 
2023/12/23 09:16:21 [notice] 1#1: OS: Linux 6.3.13-linuxkit
2023/12/23 09:16:21 [notice] 1#1: getrlimit(RLIMIT_NOFILE): 1048576:1048576
2023/12/23 09:16:21 [notice] 1#1: start worker processes
2023/12/23 09:16:21 [notice] 1#1: start worker process 7
2023/12/23 09:16:21 [notice] 1#1: start worker process 8
2023/12/23 09:16:21 [notice] 1#1: start worker process 9
2023/12/23 09:16:21 [notice] 1#1: start worker process 10
2023/12/23 09:16:21 [notice] 1#1: start worker process 11
2023/12/23 09:16:21 [notice] 1#1: start worker process 12
2023/12/23 09:16:21 [notice] 1#1: start worker process 13
2023/12/23 09:16:21 [notice] 1#1: start worker process 14
2023/12/23 09:16:21 [notice] 1#1: start worker process 15
2023/12/23 09:16:21 [notice] 1#1: start worker process 16
2023/12/23 09:30:12 [notice] 1#1: signal 17 (SIGCHLD) received from 150
2023/12/23 09:30:12 [notice] 1#1: unknown process 150 exited with code 0
2023/12/23 09:31:35 [notice] 1#1: signal 3 (SIGQUIT) received, shutting down
2023/12/23 09:31:35 [notice] 7#7: gracefully shutting down
2023/12/23 09:31:35 [notice] 8#8: gracefully shutting down
2023/12/23 09:31:35 [notice] 16#16: gracefully shutting down
2023/12/23 09:31:35 [notice] 14#14: gracefully shutting down
2023/12/23 09:31:35 [notice] 12#12: gracefully shutting down
2023/12/23 09:31:35 [notice] 9#9: gracefully shutting down
2023/12/23 09:31:35 [notice] 11#11: gracefully shutting down
2023/12/23 09:31:35 [notice] 10#10: gracefully shutting down
2023/12/23 09:31:35 [notice] 15#15: gracefully shutting down
2023/12/23 09:31:35 [notice] 13#13: gracefully shutting down
2023/12/23 09:31:35 [notice] 7#7: exiting
2023/12/23 09:31:35 [notice] 16#16: exiting
2023/12/23 09:31:35 [notice] 8#8: exiting
2023/12/23 09:31:35 [notice] 12#12: exiting
2023/12/23 09:31:35 [notice] 13#13: exiting
2023/12/23 09:31:35 [notice] 14#14: exiting
2023/12/23 09:31:35 [notice] 9#9: exiting
2023/12/23 09:31:35 [notice] 10#10: exiting
2023/12/23 09:31:35 [notice] 15#15: exiting
2023/12/23 09:31:35 [notice] 11#11: exiting
2023/12/23 09:31:35 [notice] 8#8: exit
2023/12/23 09:31:35 [notice] 7#7: exit
2023/12/23 09:31:35 [notice] 16#16: exit
2023/12/23 09:31:35 [notice] 12#12: exit
2023/12/23 09:31:35 [notice] 13#13: exit
2023/12/23 09:31:35 [notice] 15#15: exit
2023/12/23 09:31:35 [notice] 9#9: exit
2023/12/23 09:31:35 [notice] 10#10: exit
2023/12/23 09:31:35 [notice] 11#11: exit
2023/12/23 09:31:35 [notice] 14#14: exit
2023/12/23 09:31:36 [notice] 1#1: signal 17 (SIGCHLD) received from 12
2023/12/23 09:31:36 [notice] 1#1: worker process 12 exited with code 0
2023/12/23 09:31:36 [notice] 1#1: signal 29 (SIGIO) received
2023/12/23 09:31:36 [notice] 1#1: signal 17 (SIGCHLD) received from 8
2023/12/23 09:31:36 [notice] 1#1: worker process 8 exited with code 0
2023/12/23 09:31:36 [notice] 1#1: worker process 9 exited with code 0
2023/12/23 09:31:36 [notice] 1#1: worker process 14 exited with code 0
2023/12/23 09:31:36 [notice] 1#1: worker process 16 exited with code 0
2023/12/23 09:31:36 [notice] 1#1: signal 29 (SIGIO) received
2023/12/23 09:31:36 [notice] 1#1: signal 17 (SIGCHLD) received from 14
2023/12/23 09:31:36 [notice] 1#1: signal 17 (SIGCHLD) received from 13
2023/12/23 09:31:36 [notice] 1#1: worker process 7 exited with code 0
2023/12/23 09:31:36 [notice] 1#1: worker process 10 exited with code 0
2023/12/23 09:31:36 [notice] 1#1: worker process 11 exited with code 0
2023/12/23 09:31:36 [notice] 1#1: worker process 13 exited with code 0
2023/12/23 09:31:36 [notice] 1#1: worker process 15 exited with code 0
2023/12/23 09:31:36 [notice] 1#1: exit
2023/12/23 09:48:20 [warn] 1#1: the "listen ... http2" directive is deprecated, use the "http2" directive instead in /etc/nginx/conf.d/default.conf:2
2023/12/23 09:48:20 [notice] 1#1: using the "epoll" event method
2023/12/23 09:48:20 [notice] 1#1: nginx/1.25.3
2023/12/23 09:48:20 [notice] 1#1: built by gcc 12.2.1 20220924 (Alpine 12.2.1_git20220924-r10) 
2023/12/23 09:48:20 [notice] 1#1: OS: Linux 6.3.13-linuxkit
2023/12/23 09:48:20 [notice] 1#1: getrlimit(RLIMIT_NOFILE): 1048576:1048576
2023/12/23 09:48:20 [notice] 1#1: start worker processes
2023/12/23 09:48:20 [notice] 1#1: start worker process 7
2023/12/23 09:48:20 [notice] 1#1: start worker process 8
2023/12/23 09:48:20 [notice] 1#1: start worker process 9
2023/12/23 09:48:20 [notice] 1#1: start worker process 10
2023/12/23 09:48:20 [notice] 1#1: start worker process 11
2023/12/23 09:48:20 [notice] 1#1: start worker process 12
2023/12/23 09:48:20 [notice] 1#1: start worker process 13
2023/12/23 09:48:20 [notice] 1#1: start worker process 14
2023/12/23 09:48:20 [notice] 1#1: start worker process 15
2023/12/23 09:48:20 [notice] 1#1: start worker process 16
2023/12/23 10:00:32 [notice] 1#1: signal 17 (SIGCHLD) received from 138
2023/12/23 10:00:32 [notice] 1#1: unknown process 138 exited with code 0
2023/12/23 10:08:20 [notice] 1#1: signal 3 (SIGQUIT) received, shutting down
2023/12/23 10:08:20 [notice] 7#7: gracefully shutting down
2023/12/23 10:08:20 [notice] 8#8: gracefully shutting down
2023/12/23 10:08:20 [notice] 12#12: gracefully shutting down
2023/12/23 10:08:20 [notice] 14#14: gracefully shutting down
2023/12/23 10:08:20 [notice] 13#13: gracefully shutting down
2023/12/23 10:08:20 [notice] 15#15: gracefully shutting down
2023/12/23 10:08:20 [notice] 16#16: gracefully shutting down
2023/12/23 10:08:20 [notice] 9#9: gracefully shutting down
2023/12/23 10:08:20 [notice] 11#11: gracefully shutting down
2023/12/23 10:08:20 [notice] 10#10: gracefully shutting down
2023/12/23 10:08:20 [notice] 7#7: exiting
2023/12/23 10:08:20 [notice] 14#14: exiting
2023/12/23 10:08:20 [notice] 13#13: exiting
2023/12/23 10:08:20 [notice] 12#12: exiting
2023/12/23 10:08:20 [notice] 8#8: exiting
2023/12/23 10:08:20 [notice] 15#15: exiting
2023/12/23 10:08:20 [notice] 16#16: exiting
2023/12/23 10:08:20 [notice] 9#9: exiting
2023/12/23 10:08:20 [notice] 11#11: exiting
2023/12/23 10:08:20 [notice] 7#7: exit
2023/12/23 10:08:20 [notice] 16#16: exit
2023/12/23 10:08:20 [notice] 13#13: exit
2023/12/23 10:08:20 [notice] 14#14: exit
2023/12/23 10:08:20 [notice] 10#10: exiting
2023/12/23 10:08:20 [notice] 15#15: exit
2023/12/23 10:08:20 [notice] 8#8: exit
2023/12/23 10:08:20 [notice] 12#12: exit
2023/12/23 10:08:20 [notice] 9#9: exit
2023/12/23 10:08:20 [notice] 11#11: exit
2023/12/23 10:08:20 [notice] 10#10: exit
2023/12/23 10:08:20 [notice] 1#1: signal 17 (SIGCHLD) received from 8
2023/12/23 10:08:20 [notice] 1#1: worker process 8 exited with code 0
2023/12/23 10:08:20 [notice] 1#1: worker process 13 exited with code 0
2023/12/23 10:08:20 [notice] 1#1: signal 29 (SIGIO) received
2023/12/23 10:08:20 [notice] 1#1: signal 17 (SIGCHLD) received from 9
2023/12/23 10:08:20 [notice] 1#1: worker process 9 exited with code 0
2023/12/23 10:08:20 [notice] 1#1: signal 29 (SIGIO) received
2023/12/23 10:08:20 [notice] 1#1: signal 17 (SIGCHLD) received from 12
2023/12/23 10:08:20 [notice] 1#1: worker process 7 exited with code 0
2023/12/23 10:08:20 [notice] 1#1: worker process 10 exited with code 0
2023/12/23 10:08:20 [notice] 1#1: worker process 12 exited with code 0
2023/12/23 10:08:20 [notice] 1#1: worker process 14 exited with code 0
2023/12/23 10:08:20 [notice] 1#1: worker process 15 exited with code 0
2023/12/23 10:08:20 [notice] 1#1: worker process 16 exited with code 0
2023/12/23 10:08:20 [notice] 1#1: signal 29 (SIGIO) received
2023/12/23 10:08:20 [notice] 1#1: signal 17 (SIGCHLD) received from 10
2023/12/23 10:08:20 [notice] 1#1: signal 17 (SIGCHLD) received from 11
2023/12/23 10:08:20 [notice] 1#1: worker process 11 exited with code 0
2023/12/23 10:08:20 [notice] 1#1: exit
2023/12/23 10:08:29 [warn] 1#1: the "listen ... http2" directive is deprecated, use the "http2" directive instead in /etc/nginx/conf.d/default.conf:2
2023/12/23 10:08:29 [notice] 1#1: using the "epoll" event method
2023/12/23 10:08:29 [notice] 1#1: nginx/1.25.3
2023/12/23 10:08:29 [notice] 1#1: built by gcc 12.2.1 20220924 (Alpine 12.2.1_git20220924-r10) 
2023/12/23 10:08:29 [notice] 1#1: OS: Linux 6.3.13-linuxkit
2023/12/23 10:08:29 [notice] 1#1: getrlimit(RLIMIT_NOFILE): 1048576:1048576
2023/12/23 10:08:29 [notice] 1#1: start worker processes
2023/12/23 10:08:29 [notice] 1#1: start worker process 7
2023/12/23 10:08:29 [notice] 1#1: start worker process 8
2023/12/23 10:08:29 [notice] 1#1: start worker process 9
2023/12/23 10:08:29 [notice] 1#1: start worker process 10
2023/12/23 10:08:29 [notice] 1#1: start worker process 11
2023/12/23 10:08:29 [notice] 1#1: start worker process 12
2023/12/23 10:08:29 [notice] 1#1: start worker process 13
2023/12/23 10:08:29 [notice] 1#1: start worker process 14
2023/12/23 10:08:29 [notice] 1#1: start worker process 15
2023/12/23 10:08:29 [notice] 1#1: start worker process 16
2023/12/23 10:08:31 [notice] 1#1: signal 3 (SIGQUIT) received, shutting down
2023/12/23 10:08:31 [notice] 7#7: gracefully shutting down
2023/12/23 10:08:31 [notice] 8#8: gracefully shutting down
2023/12/23 10:08:31 [notice] 9#9: gracefully shutting down
2023/12/23 10:08:31 [notice] 10#10: gracefully shutting down
2023/12/23 10:08:31 [notice] 11#11: gracefully shutting down
2023/12/23 10:08:31 [notice] 12#12: gracefully shutting down
2023/12/23 10:08:31 [notice] 12#12: exiting
2023/12/23 10:08:31 [notice] 13#13: gracefully shutting down
2023/12/23 10:08:31 [notice] 15#15: gracefully shutting down
2023/12/23 10:08:31 [notice] 16#16: gracefully shutting down
2023/12/23 10:08:31 [notice] 14#14: gracefully shutting down
2023/12/23 10:08:31 [notice] 7#7: exiting
2023/12/23 10:08:31 [notice] 8#8: exiting
2023/12/23 10:08:31 [notice] 9#9: exiting
2023/12/23 10:08:31 [notice] 10#10: exiting
2023/12/23 10:08:31 [notice] 11#11: exiting
2023/12/23 10:08:31 [notice] 13#13: exiting
2023/12/23 10:08:31 [notice] 12#12: exit
2023/12/23 10:08:31 [notice] 15#15: exiting
2023/12/23 10:08:31 [notice] 16#16: exiting
2023/12/23 10:08:31 [notice] 14#14: exiting
2023/12/23 10:08:31 [notice] 7#7: exit
2023/12/23 10:08:31 [notice] 8#8: exit
2023/12/23 10:08:31 [notice] 9#9: exit
2023/12/23 10:08:31 [notice] 10#10: exit
2023/12/23 10:08:31 [notice] 11#11: exit
2023/12/23 10:08:31 [notice] 13#13: exit
2023/12/23 10:08:31 [notice] 15#15: exit
2023/12/23 10:08:31 [notice] 16#16: exit
2023/12/23 10:08:31 [notice] 14#14: exit
2023/12/23 10:08:31 [notice] 1#1: signal 17 (SIGCHLD) received from 8
2023/12/23 10:08:31 [notice] 1#1: worker process 8 exited with code 0
2023/12/23 10:08:31 [notice] 1#1: signal 29 (SIGIO) received
2023/12/23 10:08:31 [notice] 1#1: signal 17 (SIGCHLD) received from 12
2023/12/23 10:08:31 [notice] 1#1: worker process 12 exited with code 0
2023/12/23 10:08:31 [notice] 1#1: signal 29 (SIGIO) received
2023/12/23 10:08:31 [notice] 1#1: signal 17 (SIGCHLD) received from 13
2023/12/23 10:08:31 [notice] 1#1: worker process 7 exited with code 0
2023/12/23 10:08:31 [notice] 1#1: worker process 9 exited with code 0
2023/12/23 10:08:31 [notice] 1#1: worker process 10 exited with code 0
2023/12/23 10:08:31 [notice] 1#1: worker process 11 exited with code 0
2023/12/23 10:08:31 [notice] 1#1: worker process 13 exited with code 0
2023/12/23 10:08:31 [notice] 1#1: worker process 14 exited with code 0
2023/12/23 10:08:31 [notice] 1#1: worker process 15 exited with code 0
2023/12/23 10:08:31 [notice] 1#1: worker process 16 exited with code 0
2023/12/23 10:08:31 [notice] 1#1: exit
2023/12/23 10:34:04 [warn] 1#1: the "listen ... http2" directive is deprecated, use the "http2" directive instead in /etc/nginx/conf.d/default.conf:2
2023/12/23 10:34:04 [notice] 1#1: using the "epoll" event method
2023/12/23 10:34:04 [notice] 1#1: nginx/1.25.3
2023/12/23 10:34:04 [notice] 1#1: built by gcc 12.2.1 20220924 (Alpine 12.2.1_git20220924-r10) 
2023/12/23 10:34:04 [notice] 1#1: OS: Linux 6.3.13-linuxkit
2023/12/23 10:34:04 [notice] 1#1: getrlimit(RLIMIT_NOFILE): 1048576:1048576
2023/12/23 10:34:04 [notice] 1#1: start worker processes
2023/12/23 10:34:04 [notice] 1#1: start worker process 7
2023/12/23 10:34:04 [notice] 1#1: start worker process 8
2023/12/23 10:34:04 [notice] 1#1: start worker process 9
2023/12/23 10:34:04 [notice] 1#1: start worker process 10
2023/12/23 10:34:04 [notice] 1#1: start worker process 11
2023/12/23 10:34:04 [notice] 1#1: start worker process 12
2023/12/23 10:34:04 [notice] 1#1: start worker process 13
2023/12/23 10:34:04 [notice] 1#1: start worker process 14
2023/12/23 10:34:04 [notice] 1#1: start worker process 15
2023/12/23 10:34:04 [notice] 1#1: start worker process 16
2023/12/25 04:46:53 [notice] 1#1: signal 3 (SIGQUIT) received, shutting down
2023/12/25 04:46:53 [notice] 7#7: gracefully shutting down
2023/12/25 04:46:53 [notice] 8#8: gracefully shutting down
2023/12/25 04:46:53 [notice] 12#12: gracefully shutting down
2023/12/25 04:46:53 [notice] 16#16: gracefully shutting down
2023/12/25 04:46:53 [notice] 16#16: exiting
2023/12/25 04:46:53 [notice] 9#9: gracefully shutting down
2023/12/25 04:46:53 [notice] 9#9: exiting
2023/12/25 04:46:53 [notice] 15#15: gracefully shutting down
2023/12/25 04:46:53 [notice] 15#15: exiting
2023/12/25 04:46:53 [notice] 10#10: gracefully shutting down
2023/12/25 04:46:53 [notice] 10#10: exiting
2023/12/25 04:46:53 [notice] 11#11: gracefully shutting down
2023/12/25 04:46:53 [notice] 13#13: gracefully shutting down
2023/12/25 04:46:53 [notice] 14#14: gracefully shutting down
2023/12/25 04:46:53 [notice] 7#7: exiting
2023/12/25 04:46:53 [notice] 8#8: exiting
2023/12/25 04:46:53 [notice] 12#12: exiting
2023/12/25 04:46:53 [notice] 16#16: exit
2023/12/25 04:46:53 [notice] 9#9: exit
2023/12/25 04:46:53 [notice] 15#15: exit
2023/12/25 04:46:53 [notice] 11#11: exiting
2023/12/25 04:46:53 [notice] 10#10: exit
2023/12/25 04:46:53 [notice] 11#11: exit
2023/12/25 04:46:53 [notice] 13#13: exiting
2023/12/25 04:46:53 [notice] 14#14: exiting
2023/12/25 04:46:53 [notice] 13#13: exit
2023/12/25 04:46:53 [notice] 7#7: exit
2023/12/25 04:46:53 [notice] 8#8: exit
2023/12/25 04:46:53 [notice] 12#12: exit
2023/12/25 04:46:53 [notice] 14#14: exit
2023/12/25 04:46:53 [notice] 1#1: signal 17 (SIGCHLD) received from 9
2023/12/25 04:46:53 [notice] 1#1: worker process 9 exited with code 0
2023/12/25 04:46:53 [notice] 1#1: signal 29 (SIGIO) received
2023/12/25 04:46:53 [notice] 1#1: signal 17 (SIGCHLD) received from 12
2023/12/25 04:46:53 [notice] 1#1: worker process 12 exited with code 0
2023/12/25 04:46:53 [notice] 1#1: signal 29 (SIGIO) received
2023/12/25 04:46:53 [notice] 1#1: signal 17 (SIGCHLD) received from 15
2023/12/25 04:46:53 [notice] 1#1: worker process 7 exited with code 0
2023/12/25 04:46:53 [notice] 1#1: worker process 10 exited with code 0
2023/12/25 04:46:53 [notice] 1#1: worker process 11 exited with code 0
2023/12/25 04:46:53 [notice] 1#1: worker process 14 exited with code 0
2023/12/25 04:46:53 [notice] 1#1: worker process 15 exited with code 0
2023/12/25 04:46:53 [notice] 1#1: worker process 16 exited with code 0
2023/12/25 04:46:53 [notice] 1#1: signal 29 (SIGIO) received
2023/12/25 04:46:53 [notice] 1#1: signal 17 (SIGCHLD) received from 14
2023/12/25 04:46:53 [notice] 1#1: signal 17 (SIGCHLD) received from 8
2023/12/25 04:46:53 [notice] 1#1: worker process 8 exited with code 0
2023/12/25 04:46:53 [notice] 1#1: worker process 13 exited with code 0
2023/12/25 04:46:53 [notice] 1#1: exit
2023/12/25 04:49:16 [warn] 1#1: the "listen ... http2" directive is deprecated, use the "http2" directive instead in /etc/nginx/conf.d/default.conf:2
2023/12/25 04:49:16 [notice] 1#1: using the "epoll" event method
2023/12/25 04:49:16 [notice] 1#1: nginx/1.25.3
2023/12/25 04:49:16 [notice] 1#1: built by gcc 12.2.1 20220924 (Alpine 12.2.1_git20220924-r10) 
2023/12/25 04:49:16 [notice] 1#1: OS: Linux 6.3.13-linuxkit
2023/12/25 04:49:16 [notice] 1#1: getrlimit(RLIMIT_NOFILE): 1048576:1048576
2023/12/25 04:49:16 [notice] 1#1: start worker processes
2023/12/25 04:49:16 [notice] 1#1: start worker process 7
2023/12/25 04:49:16 [notice] 1#1: start worker process 8
2023/12/25 04:49:16 [notice] 1#1: start worker process 9
2023/12/25 04:49:16 [notice] 1#1: start worker process 10
2023/12/25 04:49:16 [notice] 1#1: start worker process 11
2023/12/25 04:49:16 [notice] 1#1: start worker process 12
2023/12/25 04:49:16 [notice] 1#1: start worker process 13
2023/12/25 04:49:16 [notice] 1#1: start worker process 14
2023/12/25 04:49:16 [notice] 1#1: start worker process 15
2023/12/25 04:49:16 [notice] 1#1: start worker process 16
2023/12/25 09:13:13 [notice] 1#1: signal 3 (SIGQUIT) received, shutting down
2023/12/25 09:13:13 [notice] 8#8: gracefully shutting down
2023/12/25 09:13:13 [notice] 10#10: gracefully shutting down
2023/12/25 09:13:13 [notice] 13#13: gracefully shutting down
2023/12/25 09:13:13 [notice] 15#15: gracefully shutting down
2023/12/25 09:13:13 [notice] 16#16: gracefully shutting down
2023/12/25 09:13:13 [notice] 9#9: gracefully shutting down
2023/12/25 09:13:13 [notice] 14#14: gracefully shutting down
2023/12/25 09:13:13 [notice] 11#11: gracefully shutting down
2023/12/25 09:13:13 [notice] 12#12: gracefully shutting down
2023/12/25 09:13:13 [notice] 7#7: gracefully shutting down
2023/12/25 09:13:13 [notice] 8#8: exiting
2023/12/25 09:13:13 [notice] 10#10: exiting
2023/12/25 09:13:13 [notice] 13#13: exiting
2023/12/25 09:13:13 [notice] 10#10: exit
2023/12/25 09:13:13 [notice] 15#15: exiting
2023/12/25 09:13:13 [notice] 16#16: exiting
2023/12/25 09:13:13 [notice] 9#9: exiting
2023/12/25 09:13:13 [notice] 14#14: exiting
2023/12/25 09:13:13 [notice] 9#9: exit
2023/12/25 09:13:13 [notice] 11#11: exiting
2023/12/25 09:13:13 [notice] 12#12: exiting
2023/12/25 09:13:13 [notice] 7#7: exiting
2023/12/25 09:13:13 [notice] 8#8: exit
2023/12/25 09:13:13 [notice] 13#13: exit
2023/12/25 09:13:13 [notice] 15#15: exit
2023/12/25 09:13:13 [notice] 16#16: exit
2023/12/25 09:13:13 [notice] 14#14: exit
2023/12/25 09:13:13 [notice] 11#11: exit
2023/12/25 09:13:13 [notice] 12#12: exit
2023/12/25 09:13:13 [notice] 7#7: exit
2023/12/25 09:13:13 [notice] 1#1: signal 17 (SIGCHLD) received from 9
2023/12/25 09:13:13 [notice] 1#1: worker process 8 exited with code 0
2023/12/25 09:13:13 [notice] 1#1: worker process 9 exited with code 0
2023/12/25 09:13:13 [notice] 1#1: worker process 11 exited with code 0
2023/12/25 09:13:13 [notice] 1#1: worker process 10 exited with code 0
2023/12/25 09:13:13 [notice] 1#1: worker process 7 exited with code 0
2023/12/25 09:13:13 [notice] 1#1: worker process 12 exited with code 0
2023/12/25 09:13:13 [notice] 1#1: worker process 13 exited with code 0
2023/12/25 09:13:13 [notice] 1#1: worker process 14 exited with code 0
2023/12/25 09:13:13 [notice] 1#1: worker process 15 exited with code 0
2023/12/25 09:13:13 [notice] 1#1: worker process 16 exited with code 0
2023/12/25 09:13:13 [notice] 1#1: exit
2023/12/25 09:16:03 [warn] 1#1: the "listen ... http2" directive is deprecated, use the "http2" directive instead in /etc/nginx/conf.d/default.conf:2
2023/12/25 09:16:03 [notice] 1#1: using the "epoll" event method
2023/12/25 09:16:03 [notice] 1#1: nginx/1.25.3
2023/12/25 09:16:03 [notice] 1#1: built by gcc 12.2.1 20220924 (Alpine 12.2.1_git20220924-r10) 
2023/12/25 09:16:03 [notice] 1#1: OS: Linux 6.3.13-linuxkit
2023/12/25 09:16:03 [notice] 1#1: getrlimit(RLIMIT_NOFILE): 1048576:1048576
2023/12/25 09:16:03 [notice] 1#1: start worker processes
2023/12/25 09:16:03 [notice] 1#1: start worker process 7
2023/12/25 09:16:03 [notice] 1#1: start worker process 8
2023/12/25 09:16:03 [notice] 1#1: start worker process 9
2023/12/25 09:16:03 [notice] 1#1: start worker process 10
2023/12/25 09:16:03 [notice] 1#1: start worker process 11
2023/12/25 09:16:03 [notice] 1#1: start worker process 12
2023/12/25 09:16:03 [notice] 1#1: start worker process 13
2023/12/25 09:16:03 [notice] 1#1: start worker process 14
2023/12/25 09:16:03 [notice] 1#1: start worker process 15
2023/12/25 09:16:03 [notice] 1#1: start worker process 16
2023/12/25 09:17:17 [notice] 1#1: signal 3 (SIGQUIT) received, shutting down
2023/12/25 09:17:17 [notice] 7#7: gracefully shutting down
2023/12/25 09:17:17 [notice] 7#7: exiting
2023/12/25 09:17:17 [notice] 9#9: gracefully shutting down
2023/12/25 09:17:17 [notice] 14#14: gracefully shutting down
2023/12/25 09:17:17 [notice] 16#16: gracefully shutting down
2023/12/25 09:17:17 [notice] 10#10: gracefully shutting down
2023/12/25 09:17:17 [notice] 8#8: gracefully shutting down
2023/12/25 09:17:17 [notice] 11#11: gracefully shutting down
2023/12/25 09:17:17 [notice] 13#13: gracefully shutting down
2023/12/25 09:17:17 [notice] 13#13: exiting
2023/12/25 09:17:17 [notice] 12#12: gracefully shutting down
2023/12/25 09:17:17 [notice] 15#15: gracefully shutting down
2023/12/25 09:17:17 [notice] 7#7: exit
2023/12/25 09:17:17 [notice] 9#9: exiting
2023/12/25 09:17:17 [notice] 14#14: exiting
2023/12/25 09:17:17 [notice] 16#16: exiting
2023/12/25 09:17:17 [notice] 10#10: exiting
2023/12/25 09:17:17 [notice] 11#11: exiting
2023/12/25 09:17:17 [notice] 8#8: exiting
2023/12/25 09:17:17 [notice] 12#12: exiting
2023/12/25 09:17:17 [notice] 13#13: exit
2023/12/25 09:17:17 [notice] 12#12: exit
2023/12/25 09:17:17 [notice] 15#15: exiting
2023/12/25 09:17:17 [notice] 9#9: exit
2023/12/25 09:17:17 [notice] 14#14: exit
2023/12/25 09:17:17 [notice] 16#16: exit
2023/12/25 09:17:17 [notice] 10#10: exit
2023/12/25 09:17:17 [notice] 11#11: exit
2023/12/25 09:17:17 [notice] 8#8: exit
2023/12/25 09:17:17 [notice] 15#15: exit
2023/12/25 09:17:17 [notice] 1#1: signal 17 (SIGCHLD) received from 7
2023/12/25 09:17:17 [notice] 1#1: worker process 7 exited with code 0
2023/12/25 09:17:17 [notice] 1#1: signal 29 (SIGIO) received
2023/12/25 09:17:17 [notice] 1#1: signal 17 (SIGCHLD) received from 13
2023/12/25 09:17:17 [notice] 1#1: worker process 9 exited with code 0
2023/12/25 09:17:17 [notice] 1#1: worker process 12 exited with code 0
2023/12/25 09:17:17 [notice] 1#1: worker process 13 exited with code 0
2023/12/25 09:17:17 [notice] 1#1: signal 29 (SIGIO) received
2023/12/25 09:17:17 [notice] 1#1: signal 17 (SIGCHLD) received from 9
2023/12/25 09:17:17 [notice] 1#1: signal 17 (SIGCHLD) received from 8
2023/12/25 09:17:17 [notice] 1#1: worker process 8 exited with code 0
2023/12/25 09:17:17 [notice] 1#1: worker process 10 exited with code 0
2023/12/25 09:17:17 [notice] 1#1: worker process 11 exited with code 0
2023/12/25 09:17:17 [notice] 1#1: worker process 14 exited with code 0
2023/12/25 09:17:17 [notice] 1#1: worker process 15 exited with code 0
2023/12/25 09:17:17 [notice] 1#1: worker process 16 exited with code 0
2023/12/25 09:17:17 [notice] 1#1: exit
2023/12/25 09:26:16 [warn] 1#1: the "listen ... http2" directive is deprecated, use the "http2" directive instead in /etc/nginx/conf.d/default.conf:2
2023/12/25 09:26:16 [notice] 1#1: using the "epoll" event method
2023/12/25 09:26:16 [notice] 1#1: nginx/1.25.3
2023/12/25 09:26:16 [notice] 1#1: built by gcc 12.2.1 20220924 (Alpine 12.2.1_git20220924-r10) 
2023/12/25 09:26:16 [notice] 1#1: OS: Linux 6.3.13-linuxkit
2023/12/25 09:26:16 [notice] 1#1: getrlimit(RLIMIT_NOFILE): 1048576:1048576
2023/12/25 09:26:16 [notice] 1#1: start worker processes
2023/12/25 09:26:16 [notice] 1#1: start worker process 7
2023/12/25 09:26:16 [notice] 1#1: start worker process 8
2023/12/25 09:26:16 [notice] 1#1: start worker process 9
2023/12/25 09:26:16 [notice] 1#1: start worker process 10
2023/12/25 09:26:16 [notice] 1#1: start worker process 11
2023/12/25 09:26:16 [notice] 1#1: start worker process 12
2023/12/25 09:26:16 [notice] 1#1: start worker process 13
2023/12/25 09:26:16 [notice] 1#1: start worker process 14
2023/12/25 09:26:16 [notice] 1#1: start worker process 15
2023/12/25 09:26:16 [notice] 1#1: start worker process 16
2024/01/13 08:28:25 [warn] 1#1: the "listen ... http2" directive is deprecated, use the "http2" directive instead in /etc/nginx/conf.d/default.conf:2
2024/01/13 08:28:25 [notice] 1#1: using the "epoll" event method
2024/01/13 08:28:25 [notice] 1#1: nginx/1.25.3
2024/01/13 08:28:25 [notice] 1#1: built by gcc 12.2.1 20220924 (Alpine 12.2.1_git20220924-r10) 
2024/01/13 08:28:25 [notice] 1#1: OS: Linux 6.3.13-linuxkit
2024/01/13 08:28:25 [notice] 1#1: getrlimit(RLIMIT_NOFILE): 1048576:1048576
2024/01/13 08:28:25 [notice] 1#1: start worker processes
2024/01/13 08:28:25 [notice] 1#1: start worker process 7
2024/01/13 08:28:25 [notice] 1#1: start worker process 8
2024/01/13 08:28:25 [notice] 1#1: start worker process 9
2024/01/13 08:28:25 [notice] 1#1: start worker process 10
2024/01/13 08:28:25 [notice] 1#1: start worker process 11
2024/01/13 08:28:25 [notice] 1#1: start worker process 12
2024/01/13 08:28:25 [notice] 1#1: start worker process 13
2024/01/13 08:28:25 [notice] 1#1: start worker process 14
2024/01/13 08:28:25 [notice] 1#1: start worker process 15
2024/01/13 08:28:25 [notice] 1#1: start worker process 16
2024/01/13 08:31:50 [notice] 1#1: signal 3 (SIGQUIT) received, shutting down
2024/01/13 08:31:50 [notice] 8#8: gracefully shutting down
2024/01/13 08:31:50 [notice] 7#7: gracefully shutting down
2024/01/13 08:31:50 [notice] 9#9: gracefully shutting down
2024/01/13 08:31:50 [notice] 10#10: gracefully shutting down
2024/01/13 08:31:50 [notice] 11#11: gracefully shutting down
2024/01/13 08:31:50 [notice] 12#12: gracefully shutting down
2024/01/13 08:31:50 [notice] 15#15: gracefully shutting down
2024/01/13 08:31:50 [notice] 15#15: exiting
2024/01/13 08:31:50 [notice] 13#13: gracefully shutting down
2024/01/13 08:31:50 [notice] 14#14: gracefully shutting down
2024/01/13 08:31:50 [notice] 16#16: gracefully shutting down
2024/01/13 08:31:50 [notice] 8#8: exiting
2024/01/13 08:31:50 [notice] 7#7: exiting
2024/01/13 08:31:50 [notice] 9#9: exiting
2024/01/13 08:31:50 [notice] 10#10: exiting
2024/01/13 08:31:50 [notice] 11#11: exiting
2024/01/13 08:31:50 [notice] 12#12: exiting
2024/01/13 08:31:50 [notice] 13#13: exiting
2024/01/13 08:31:50 [notice] 15#15: exit
2024/01/13 08:31:50 [notice] 14#14: exiting
2024/01/13 08:31:50 [notice] 16#16: exiting
2024/01/13 08:31:50 [notice] 8#8: exit
2024/01/13 08:31:50 [notice] 7#7: exit
2024/01/13 08:31:50 [notice] 9#9: exit
2024/01/13 08:31:50 [notice] 10#10: exit
2024/01/13 08:31:50 [notice] 11#11: exit
2024/01/13 08:31:50 [notice] 12#12: exit
2024/01/13 08:31:50 [notice] 13#13: exit
2024/01/13 08:31:50 [notice] 14#14: exit
2024/01/13 08:31:50 [notice] 16#16: exit
2024/01/13 08:31:50 [notice] 1#1: signal 17 (SIGCHLD) received from 8
2024/01/13 08:31:50 [notice] 1#1: worker process 8 exited with code 0
2024/01/13 08:31:50 [notice] 1#1: signal 29 (SIGIO) received
2024/01/13 08:31:50 [notice] 1#1: signal 17 (SIGCHLD) received from 12
2024/01/13 08:31:50 [notice] 1#1: worker process 7 exited with code 0
2024/01/13 08:31:50 [notice] 1#1: worker process 9 exited with code 0
2024/01/13 08:31:50 [notice] 1#1: worker process 10 exited with code 0
2024/01/13 08:31:50 [notice] 1#1: worker process 11 exited with code 0
2024/01/13 08:31:50 [notice] 1#1: worker process 12 exited with code 0
2024/01/13 08:31:50 [notice] 1#1: worker process 15 exited with code 0
2024/01/13 08:31:50 [notice] 1#1: signal 29 (SIGIO) received
2024/01/13 08:31:50 [notice] 1#1: signal 17 (SIGCHLD) received from 7
2024/01/13 08:31:50 [notice] 1#1: signal 17 (SIGCHLD) received from 16
2024/01/13 08:31:50 [notice] 1#1: worker process 14 exited with code 0
2024/01/13 08:31:50 [notice] 1#1: worker process 16 exited with code 0
2024/01/13 08:31:50 [notice] 1#1: worker process 13 exited with code 0
2024/01/13 08:31:50 [notice] 1#1: exit
